Performing C SOURCE FILE Test C_WCOMMENT_ALLOWS_LINE_WRAP failed with the following output:
Change Dir: /home/jackcui/Arch/MLiR/dataflow/build/CMakeFiles/CMakeTmp

Run Build Command(s):/usr/bin/ninja cmTC_20984 && [1/2] Building C object CMakeFiles/cmTC_20984.dir/src.c.o
FAILED: CMakeFiles/cmTC_20984.dir/src.c.o 
/usr/bin/cc -DC_WCOMMENT_ALLOWS_LINE_WRAP  -fPIC -fno-semantic-interposition -Werror=date-time -fno-lifetime-dse -Wall -Wextra -Wno-unused-parameter -Wwrite-strings -Wcast-qual -Wno-missing-field-initializers -Wimplicit-fallthrough  -Werror -Wcomment -o CMakeFiles/cmTC_20984.dir/src.c.o -c /home/jackcui/Arch/MLiR/dataflow/build/CMakeFiles/CMakeTmp/src.c
/home/jackcui/Arch/MLiR/dataflow/build/CMakeFiles/CMakeTmp/src.c:1:1: error: multi-line comment [-Werror=comment]
    1 | // \
      | ^
cc1: all warnings being treated as errors
ninja: build stopped: subcommand failed.


Source file was:
// \
//
int main(void) {return 0;}
Performing C SOURCE FILE Test C_SUPPORTS_CTAD_MAYBE_UNSPPORTED_FLAG failed with the following output:
Change Dir: /home/jackcui/Arch/MLiR/dataflow/build/CMakeFiles/CMakeTmp

Run Build Command(s):/usr/bin/ninja cmTC_a05cb && [1/2] Building C object CMakeFiles/cmTC_a05cb.dir/src.c.o
FAILED: CMakeFiles/cmTC_a05cb.dir/src.c.o 
/usr/bin/cc -DC_SUPPORTS_CTAD_MAYBE_UNSPPORTED_FLAG  -fPIC -fno-semantic-interposition -Werror=date-time -fno-lifetime-dse -Wall -Wextra -Wno-unused-parameter -Wwrite-strings -Wcast-qual -Wno-missing-field-initializers -Wimplicit-fallthrough -Wno-comment    -Werror -Wctad-maybe-unsupported -o CMakeFiles/cmTC_a05cb.dir/src.c.o -c /home/jackcui/Arch/MLiR/dataflow/build/CMakeFiles/CMakeTmp/src.c
cc1: error: command-line option '-Wctad-maybe-unsupported' is valid for C++/ObjC++ but not for C [-Werror]
cc1: all warnings being treated as errors
ninja: build stopped: subcommand failed.


Source file was:
int main(void) { return 0; }
Performing C++ SOURCE FILE Test LINKER_SUPPORTS_COLOR_DIAGNOSTICS failed with the following output:
Change Dir: /home/jackcui/Arch/MLiR/dataflow/build/CMakeFiles/CMakeTmp

Run Build Command(s):/usr/bin/ninja cmTC_acec6 && [1/2] Building CXX object CMakeFiles/cmTC_acec6.dir/src.cxx.o
[2/2] Linking CXX executable cmTC_acec6
FAILED: cmTC_acec6 
: && /usr/bin/c++ -std=c++17 -fPIC -fno-semantic-interposition -fvisibility-inlines-hidden -Werror=date-time -fno-lifetime-dse -Wall -Wextra -Wno-unused-parameter -Wwrite-strings -Wcast-qual -Wno-missing-field-initializers -Wimplicit-fallthrough -Wno-nonnull -Wno-class-memaccess -Wno-redundant-move -Wno-pessimizing-move -Wno-noexcept-type -Wdelete-non-virtual-dtor -Wsuggest-override -Wno-comment -Wno-misleading-indentation -Wctad-maybe-unsupported -fdiagnostics-color -Wl,--color-diagnostics CMakeFiles/cmTC_acec6.dir/src.cxx.o -o cmTC_acec6   && :
/usr/bin/ld: unrecognized option '--color-diagnostics'
/usr/bin/ld: use the --help option for usage information
collect2: error: ld returned 1 exit status
ninja: build stopped: subcommand failed.


Source file was:
int main() { return 0; }
Determining if the os_signpost_interval_begin exist failed with the following output:
Change Dir: /home/jackcui/Arch/MLiR/dataflow/build/CMakeFiles/CMakeTmp

Run Build Command(s):/usr/bin/ninja cmTC_59647 && [1/2] Building C object CMakeFiles/cmTC_59647.dir/CheckSymbolExists.c.o
FAILED: CMakeFiles/cmTC_59647.dir/CheckSymbolExists.c.o 
/usr/bin/cc   -fPIC -fno-semantic-interposition -fno-lifetime-dse -Wall -Wextra -Wno-unused-parameter -Wwrite-strings -Wcast-qual -Wno-missing-field-initializers -Wimplicit-fallthrough -Wno-comment -fdiagnostics-color -ffunction-sections -fdata-sections -o CMakeFiles/cmTC_59647.dir/CheckSymbolExists.c.o -c /home/jackcui/Arch/MLiR/dataflow/build/CMakeFiles/CMakeTmp/CheckSymbolExists.c
/home/jackcui/Arch/MLiR/dataflow/build/CMakeFiles/CMakeTmp/CheckSymbolExists.c:2:10: fatal error: os/signpost.h: No such file or directory
    2 | #include <os/signpost.h>
      |          ^~~~~~~~~~~~~~~
compilation terminated.
ninja: build stopped: subcommand failed.


File /home/jackcui/Arch/MLiR/dataflow/build/CMakeFiles/CMakeTmp/CheckSymbolExists.c:
/* */
#include <os/signpost.h>

int main(int argc, char** argv)
{
  (void)argv;
#ifndef os_signpost_interval_begin
  return ((int*)(&os_signpost_interval_begin))[argc];
#else
  (void)argc;
  return 0;
#endif
}
